#
# A fatal error has been detected by the Java Runtime Environment:
#
#  SIGSEGV (0xb) at pc=0x00007f3cc0000778, pid=23358, tid=0x00007f3d264e2700
#
# JRE version: Java(TM) SE Runtime Environment (8.0_101-b13) (build 1.8.0_101-b13)
# Java VM: Java HotSpot(TM) 64-Bit Server VM (25.101-b13 mixed mode linux-amd64 compressed oops)
# Problematic frame:
# C  0x00007f3cc0000778
#
# Failed to write core dump. Core dumps have been disabled. To enable core dumping, try "ulimit -c unlimited" before starting Java again
#
# If you would like to submit a bug report, please visit:
#   http://bugreport.java.com/bugreport/crash.jsp
#

---------------  T H R E A D  ---------------

Current thread (0x00007f3d700df800):  JavaThread "JDWP Transport Listener: dt_socket" daemon [_thread_in_vm, id=23388, stack(0x00007f3d263e2000,0x00007f3d264e3000)]

siginfo: si_signo: 11 (SIGSEGV), si_code: 2 (SEGV_ACCERR), si_addr: 0x00007f3cc0000778

Registers:
RAX=0x00007f3cc000c260, RBX=0x00007f3cc0000078, RCX=0x00007f3d782272c0, RDX=0x00007f3d77800e80
RSP=0x00007f3d264e17c8, RBP=0x00007f3d264e17e0, RSI=0x00007f3d700df800, RDI=0x00007f3cc0000078
R8 =0x00007f3d700d80c0, R9 =0x0000000000000000, R10=0x0000000000000001, R11=0x00007f3d703a3968
R12=0x0000000000000017, R13=0x00007f3cc0000088, R14=0x00007f3d700df800, R15=0x00007f3d264e18e7
RIP=0x00007f3cc0000778, EFLAGS=0x0000000000010206, CSGSFS=0x002b000000000033, ERR=0x0000000000000015
  TRAPNO=0x000000000000000e

Top of Stack: (sp=0x00007f3d264e17c8)
0x00007f3d264e17c8:   00007f3d770ebd97 0000000000000074
0x00007f3d264e17d8:   00007f3d70006060 00007f3d264e1850
0x00007f3d264e17e8:   00007f3d76f78efe 00007f3d70006060
0x00007f3d264e17f8:   00007f3d264e1800 00007f3d700df800
0x00007f3d264e1808:   0000000000000000 00007f3d00000000
0x00007f3d264e1818:   0000000000000000 00007f3d264e1830
0x00007f3d264e1828:   00007f3d75ef2e40 00007f3cc0000088
0x00007f3d264e1838:   00007f3d264e18e7 0000000000000000
0x00007f3d264e1848:   00007f3d264e18e7 00007f3d264e1880
0x00007f3d264e1858:   00007f3d75cde8c2 00007f3d264e1880
0x00007f3d264e1868:   00007f3cc0000088 00007f3d264e1950
0x00007f3d264e1878:   0000000000000000 00007f3d264e1910
0x00007f3d264e1888:   00007f3d75cbfaa0 00007f3d264e18c8
0x00007f3d264e1898:   00007f3d264e18c0 00007f3d264e18b8
0x00007f3d264e18a8:   00007f3d264e18dc 00000001c0004050
0x00007f3d264e18b8:   0000000000000000 0000000000000000
0x00007f3d264e18c8:   0000000000000000 00007f3cc00088e0
0x00007f3d264e18d8:   00007f3d264e1950 0000000000000002
0x00007f3d264e18e8:   0000000000000002 000000000000000f
0x00007f3d264e18f8:   0000000000000002 00000000000f0200
0x00007f3d264e1908:   000000000000000f 00007f3d264e1b60
0x00007f3d264e1918:   00007f3d75cca9c6 0000121f00000013
0x00007f3d264e1928:   00007f3d760f0200 00007f3cb8000fb0
0x00007f3d264e1938:   0000000000000000 00007f3d264e1950
0x00007f3d264e1948:   00007f3d264e1ae0 00007f3d264e19a4
0x00007f3d264e1958:   00007f3d00000128 00007f3d264e1968
0x00007f3d264e1968:   0000000000000004 00007f3d264e19a0
0x00007f3d264e1978:   0000000000000000 00007f0000000000
0x00007f3d264e1988:   0000121f0000001c 00007f3d00001a80
0x00007f3d264e1998:   00007f3d264e19a0 0000000102000000
0x00007f3d264e19a8:   0000001000000000 6c62617261706d07
0x00007f3d264e19b8:   000000603b653b65 0000005900000000 

Instructions: (pc=0x00007f3cc0000778)
0x00007f3cc0000758:   48 07 00 c0 3c 7f 00 00 48 07 00 c0 3c 7f 00 00
0x00007f3cc0000768:   58 07 00 c0 3c 7f 00 00 58 07 00 c0 3c 7f 00 00
0x00007f3cc0000778:   68 07 00 c0 3c 7f 00 00 68 07 00 c0 3c 7f 00 00
0x00007f3cc0000788:   78 07 00 c0 3c 7f 00 00 78 07 00 c0 3c 7f 00 00 

Register to memory mapping:

RAX=0x00007f3cc000c260 is an unknown value
RBX=0x00007f3cc0000078 is an unknown value
RCX=0x00007f3d782272c0: <offset 0x2192c0> in /lib/x86_64-linux-gnu/libpthread.so.0 at 0x00007f3d7800e000
RDX=0x00007f3d77800e80: <offset 0xfc1e80> in /usr/lib/jvm/java-8-oracle/jre/lib/amd64/server/libjvm.so at 0x00007f3d7683f000
RSP=0x00007f3d264e17c8 is pointing into the stack for thread: 0x00007f3d700df800
RBP=0x00007f3d264e17e0 is pointing into the stack for thread: 0x00007f3d700df800
RSI=0x00007f3d700df800 is a thread
RDI=0x00007f3cc0000078 is an unknown value
R8 =0x00007f3d700d80c0 is an unknown value
R9 =0x0000000000000000 is an unknown value
R10=0x0000000000000001 is an unknown value
R11=0x00007f3d703a3968 is an unknown value
R12=0x0000000000000017 is an unknown value
R13=0x00007f3cc0000088 is an unknown value
R14=0x00007f3d700df800 is a thread
R15=0x00007f3d264e18e7 is pointing into the stack for thread: 0x00007f3d700df800


Stack: [0x00007f3d263e2000,0x00007f3d264e3000],  sp=0x00007f3d264e17c8,  free space=1021k
Native frames: (J=compiled Java code, j=interpreted, Vv=VM code, C=native code)
C  0x00007f3cc0000778
V  [libjvm.so+0x739efe]  jvmti_IsMethodSynthetic+0x2be
C  [libjdwp.so+0x258c2]  isMethodSynthetic+0x42
C  [libjdwp.so+0x6aa0]  methods1+0x1b0
C  [libjdwp.so+0x119c6]  debugLoop_run+0x2b6
C  [libjdwp.so+0x247ff]  attachThread+0x2f
V  [libjvm.so+0x7a63e2]  JvmtiAgentThread::call_start_function()+0xc2
V  [libjvm.so+0xa7343f]  JavaThread::thread_main_inner()+0xdf
V  [libjvm.so+0xa7356c]  JavaThread::run()+0x11c
V  [libjvm.so+0x924698]  java_start(Thread*)+0x108
C  [libpthread.so.0+0x76ca]  start_thread+0xca


---------------  P R O C E S S  ---------------

Java Threads: ( => current thread )
  0x00007f3d70390000 JavaThread "ReaderThread" [_thread_in_native, id=23410, stack(0x00007f3d24d2b000,0x00007f3d24e2c000)]
  0x00007f3d70110000 JavaThread "Service Thread" daemon [_thread_blocked, id=23408, stack(0x00007f3d254d3000,0x00007f3d255d4000)]
  0x00007f3d70104800 JavaThread "C1 CompilerThread11" daemon [_thread_blocked, id=23407, stack(0x00007f3d255d4000,0x00007f3d256d5000)]
  0x00007f3d70102800 JavaThread "C1 CompilerThread10" daemon [_thread_blocked, id=23406, stack(0x00007f3d256d5000,0x00007f3d257d6000)]
  0x00007f3d70100800 JavaThread "C1 CompilerThread9" daemon [_thread_blocked, id=23405, stack(0x00007f3d257d6000,0x00007f3d258d7000)]
  0x00007f3d700fe800 JavaThread "C1 CompilerThread8" daemon [_thread_blocked, id=23404, stack(0x00007f3d258d7000,0x00007f3d259d8000)]
  0x00007f3d700fc800 JavaThread "C2 CompilerThread7" daemon [_thread_blocked, id=23403, stack(0x00007f3d259d8000,0x00007f3d25ad9000)]
  0x00007f3d700fa800 JavaThread "C2 CompilerThread6" daemon [_thread_blocked, id=23402, stack(0x00007f3d25ad9000,0x00007f3d25bda000)]
  0x00007f3d700f8800 JavaThread "C2 CompilerThread5" daemon [_thread_blocked, id=23401, stack(0x00007f3d25bda000,0x00007f3d25cdb000)]
  0x00007f3d700ee000 JavaThread "C2 CompilerThread4" daemon [_thread_blocked, id=23400, stack(0x00007f3d25cdb000,0x00007f3d25ddc000)]
  0x00007f3d700ec000 JavaThread "C2 CompilerThread3" daemon [_thread_blocked, id=23399, stack(0x00007f3d25ddc000,0x00007f3d25edd000)]
  0x00007f3d700ea000 JavaThread "C2 CompilerThread2" daemon [_thread_blocked, id=23398, stack(0x00007f3d25edd000,0x00007f3d25fde000)]
  0x00007f3d700e8000 JavaThread "C2 CompilerThread1" daemon [_thread_blocked, id=23397, stack(0x00007f3d25fde000,0x00007f3d260df000)]
  0x00007f3d700e5000 JavaThread "C2 CompilerThread0" daemon [_thread_blocked, id=23396, stack(0x00007f3d260df000,0x00007f3d261e0000)]
  0x00007f3cc0001000 JavaThread "JDWP Command Reader" daemon [_thread_in_native, id=23392, stack(0x00007f3d261e0000,0x00007f3d262e1000)]
  0x00007f3d700e3000 JavaThread "JDWP Event Helper Thread" daemon [_thread_blocked, id=23390, stack(0x00007f3d262e1000,0x00007f3d263e2000)]
=>0x00007f3d700df800 JavaThread "JDWP Transport Listener: dt_socket" daemon [_thread_in_vm, id=23388, stack(0x00007f3d263e2000,0x00007f3d264e3000)]
  0x00007f3d700d1800 JavaThread "Signal Dispatcher" daemon [_thread_blocked, id=23386, stack(0x00007f3d266e7000,0x00007f3d267e8000)]
  0x00007f3d7009f800 JavaThread "Finalizer" daemon [_thread_blocked, id=23385, stack(0x00007f3d267e8000,0x00007f3d268e9000)]
  0x00007f3d7009a800 JavaThread "Reference Handler" daemon [_thread_blocked, id=23384, stack(0x00007f3d268e9000,0x00007f3d269ea000)]
  0x00007f3d7000f000 JavaThread "main" [_thread_blocked, id=23364, stack(0x00007f3d78323000,0x00007f3d78424000)]

Other Threads:
  0x00007f3d70093000 VMThread [stack: 0x00007f3d269ea000,0x00007f3d26aeb000] [id=23383]
  0x00007f3d70113000 WatcherThread [stack: 0x00007f3d253d2000,0x00007f3d254d3000] [id=23409]

VM state:not at safepoint (normal execution)

VM Mutex/Monitor currently owned by a thread: None

Heap:
 PSYoungGen      total 601600K, used 72253K [0x0000000580100000, 0x00000005aa000000, 0x0000000800000000)
  eden space 516096K, 14% used [0x0000000580100000,0x000000058478f668,0x000000059f900000)
  from space 85504K, 0% used [0x00000005a4c80000,0x00000005a4c80000,0x00000005aa000000)
  to   space 85504K, 0% used [0x000000059f900000,0x000000059f900000,0x00000005a4c80000)
 ParOldGen       total 1375232K, used 0K [0x0000000080200000, 0x00000000d4100000, 0x0000000580100000)
  object space 1375232K, 0% used [0x0000000080200000,0x0000000080200000,0x00000000d4100000)
 Metaspace       used 5741K, capacity 5942K, committed 6144K, reserved 1056768K
  class space    used 652K, capacity 733K, committed 768K, reserved 1048576K

Card table byte_map: [0x00007f3d5d400000,0x00007f3d61000000] byte_map_base: 0x00007f3d5cfff000

Marking Bits: (ParMarkBitMap*) 0x00007f3d77800120
 Begin Bits: [0x00007f3cd4010000, 0x00007f3cf2008000)
 End Bits:   [0x00007f3cf2008000, 0x00007f3d10000000)

Polling page: 0x00007f3d7844c000

CodeCache: size=245760Kb used=3972Kb max_used=3972Kb free=241787Kb
 bounds [0x00007f3d61000000, 0x00007f3d613f0000, 0x00007f3d70000000]
 total_blobs=767 nmethods=485 adapters=201
 compilation: enabled

Compilation events (10 events):
Event: 5.615 Thread 0x00007f3d70104800 nmethod 477 0x00007f3d613ddf90 code [0x00007f3d613de100, 0x00007f3d613de3d0]
Event: 5.615 Thread 0x00007f3d70100800 nmethod 476 0x00007f3d613dc6d0 code [0x00007f3d613dc920, 0x00007f3d613dd898]
Event: 5.615 Thread 0x00007f3d70100800  480       3       jdk.internal.org.objectweb.asm.Frame::pop (43 bytes)
Event: 5.615 Thread 0x00007f3d70100800 nmethod 480 0x00007f3d613dc250 code [0x00007f3d613dc3c0, 0x00007f3d613dc5b0]
Event: 5.616 Thread 0x00007f3d700fe800  481       3       java.util.Arrays::equals (78 bytes)
Event: 5.616 Thread 0x00007f3d70102800  482       3       java.lang.String::lastIndexOf (151 bytes)
Event: 5.616 Thread 0x00007f3d700fe800 nmethod 481 0x00007f3d613dfd10 code [0x00007f3d613dfea0, 0x00007f3d613e03a8]
Event: 5.617 Thread 0x00007f3d70102800 nmethod 482 0x00007f3d613e0550 code [0x00007f3d613e0700, 0x00007f3d613e0c70]
Event: 5.623 Thread 0x00007f3d70104800  483       3       jdk.internal.org.objectweb.asm.ByteVector::enlarge (51 bytes)
Event: 5.624 Thread 0x00007f3d70104800 nmethod 483 0x00007f3d613e1150 code [0x00007f3d613e12c0, 0x00007f3d613e1608]

GC Heap History (0 events):
No events

Deoptimization events (2 events):
Event: 0.189 Thread 0x00007f3d7000f000 Uncommon trap: reason=unstable_if action=reinterpret pc=0x00007f3d612f5760 method=java.lang.String.indexOf(II)I @ 49
Event: 5.559 Thread 0x00007f3d7000f000 Uncommon trap: reason=unstable_if action=reinterpret pc=0x00007f3d6130f05c method=java.lang.String.indexOf([CII[CIII)I @ 123

Internal exceptions (4 events):
Event: 0.037 Thread 0x00007f3d7000f000 Exception <a 'java/lang/NoSuchMethodError': Method sun.misc.Unsafe.defineClass(Ljava/lang/String;[BII)Ljava/lang/Class; name or signature does not match> (0x0000000580107cc0) thrown at [/HUDSON3/workspace/8-2-build-linux-amd64/jdk8u101/7261/hotspot/src/sh
Event: 0.037 Thread 0x00007f3d7000f000 Exception <a 'java/lang/NoSuchMethodError': Method sun.misc.Unsafe.prefetchRead(Ljava/lang/Object;J)V name or signature does not match> (0x0000000580107fa8) thrown at [/HUDSON3/workspace/8-2-build-linux-amd64/jdk8u101/7261/hotspot/src/share/vm/prims/jni.c
Event: 5.599 Thread 0x00007f3d7000f000 Exception <a 'java/lang/NoSuchFieldError': method resolution failed> (0x00000005809aa570) thrown at [/HUDSON3/workspace/8-2-build-linux-amd64/jdk8u101/7261/hotspot/src/share/vm/prims/methodHandles.cpp, line 1146]
Event: 5.603 Thread 0x00007f3d7000f000 Exception <a 'java/lang/NoSuchFieldError': method resolution failed> (0x00000005809b7c30) thrown at [/HUDSON3/workspace/8-2-build-linux-amd64/jdk8u101/7261/hotspot/src/share/vm/prims/methodHandles.cpp, line 1146]

Events (10 events):
Event: 9.599 Executing VM operation: GetOrSetLocal
Event: 9.599 Executing VM operation: GetOrSetLocal done
Event: 11.213 Executing VM operation: GetOrSetLocal
Event: 11.213 Executing VM operation: GetOrSetLocal done
Event: 11.262 Executing VM operation: GetOrSetLocal
Event: 11.262 Executing VM operation: GetOrSetLocal done
Event: 11.883 Executing VM operation: GetOrSetLocal
Event: 11.883 Executing VM operation: GetOrSetLocal done
Event: 30.670 Executing VM operation: RedefineClasses
Event: 30.674 Executing VM operation: RedefineClasses done


Dynamic libraries:
00400000-00401000 r-xp 00000000 fd:00 92153557                           /usr/lib/jvm/java-8-oracle/bin/java
00600000-00601000 rw-p 00000000 fd:00 92153557                           /usr/lib/jvm/java-8-oracle/bin/java
0256e000-0258f000 rw-p 00000000 00:00 0                                  [heap]
80200000-d4100000 rw-p 00000000 00:00 0 
d4100000-580100000 ---p 00000000 00:00 0 
580100000-5aa000000 rw-p 00000000 00:00 0 
5aa000000-800000000 ---p 00000000 00:00 0 
800000000-8000c0000 rw-p 00000000 00:00 0 
8000c0000-840000000 ---p 00000000 00:00 0 
7f3c80000000-7f3c80021000 rw-p 00000000 00:00 0 
7f3c80021000-7f3c84000000 ---p 00000000 00:00 0 
7f3c84000000-7f3c84021000 rw-p 00000000 00:00 0 
7f3c84021000-7f3c88000000 ---p 00000000 00:00 0 
7f3c88000000-7f3c880c3000 rw-p 00000000 00:00 0 
7f3c880c3000-7f3c8c000000 ---p 00000000 00:00 0 
7f3c8c000000-7f3c8c021000 rw-p 00000000 00:00 0 
7f3c8c021000-7f3c90000000 ---p 00000000 00:00 0 
7f3c90000000-7f3c900cc000 rw-p 00000000 00:00 0 
7f3c900cc000-7f3c94000000 ---p 00000000 00:00 0 
7f3c94000000-7f3c940bd000 rw-p 00000000 00:00 0 
7f3c940bd000-7f3c98000000 ---p 00000000 00:00 0 
7f3c98000000-7f3c9803f000 rw-p 00000000 00:00 0 
7f3c9803f000-7f3c9c000000 ---p 00000000 00:00 0 
7f3c9c000000-7f3c9c0eb000 rw-p 00000000 00:00 0 
7f3c9c0eb000-7f3ca0000000 ---p 00000000 00:00 0 
7f3ca0000000-7f3ca009d000 rw-p 00000000 00:00 0 
7f3ca009d000-7f3ca4000000 ---p 00000000 00:00 0 
7f3ca4000000-7f3ca4021000 rw-p 00000000 00:00 0 
7f3ca4021000-7f3ca8000000 ---p 00000000 00:00 0 
7f3ca8000000-7f3ca8057000 rw-p 00000000 00:00 0 
7f3ca8057000-7f3cac000000 ---p 00000000 00:00 0 
7f3cac000000-7f3cac04a000 rw-p 00000000 00:00 0 
7f3cac04a000-7f3cb0000000 ---p 00000000 00:00 0 
7f3cb0000000-7f3cb002f000 rw-p 00000000 00:00 0 
7f3cb002f000-7f3cb4000000 ---p 00000000 00:00 0 
7f3cb4000000-7f3cb4021000 rw-p 00000000 00:00 0 
7f3cb4021000-7f3cb8000000 ---p 00000000 00:00 0 
7f3cb8000000-7f3cb8021000 rw-p 00000000 00:00 0 
7f3cb8021000-7f3cbc000000 ---p 00000000 00:00 0 
7f3cbc000000-7f3cbc0b1000 rw-p 00000000 00:00 0 
7f3cbc0b1000-7f3cc0000000 ---p 00000000 00:00 0 
7f3cc0000000-7f3cc02ad000 rw-p 00000000 00:00 0 
7f3cc02ad000-7f3cc4000000 ---p 00000000 00:00 0 
7f3cc4000000-7f3cc4021000 rw-p 00000000 00:00 0 
7f3cc4021000-7f3cc8000000 ---p 00000000 00:00 0 
7f3cc8000000-7f3cc8021000 rw-p 00000000 00:00 0 
7f3cc8021000-7f3ccc000000 ---p 00000000 00:00 0 
7f3ccc000000-7f3ccc021000 rw-p 00000000 00:00 0 
7f3ccc021000-7f3cd0000000 ---p 00000000 00:00 0 
7f3cd0000000-7f3cd0021000 rw-p 00000000 00:00 0 
7f3cd0021000-7f3cd4000000 ---p 00000000 00:00 0 
7f3cd4010000-7f3d10000000 rw-p 00000000 00:00 0 
7f3d10000000-7f3d10021000 rw-p 00000000 00:00 0 
7f3d10021000-7f3d14000000 ---p 00000000 00:00 0 
7f3d14000000-7f3d14021000 rw-p 00000000 00:00 0 
7f3d14021000-7f3d18000000 ---p 00000000 00:00 0 
7f3d18000000-7f3d18021000 rw-p 00000000 00:00 0 
7f3d18021000-7f3d1c000000 ---p 00000000 00:00 0 
7f3d1c000000-7f3d1c021000 rw-p 00000000 00:00 0 
7f3d1c021000-7f3d20000000 ---p 00000000 00:00 0 
7f3d20000000-7f3d20021000 rw-p 00000000 00:00 0 
7f3d20021000-7f3d24000000 ---p 00000000 00:00 0 
7f3d24d2b000-7f3d24d2e000 ---p 00000000 00:00 0 
7f3d24d2e000-7f3d2512d000 rw-p 00000000 00:00 0 
7f3d2512d000-7f3d25143000 r-xp 00000000 fd:00 92153641                   /usr/lib/jvm/java-8-oracle/jre/lib/amd64/libnet.so
7f3d25143000-7f3d25343000 ---p 00016000 fd:00 92153641                   /usr/lib/jvm/java-8-oracle/jre/lib/amd64/libnet.so
7f3d25343000-7f3d25344000 rw-p 00016000 fd:00 92153641                   /usr/lib/jvm/java-8-oracle/jre/lib/amd64/libnet.so
7f3d25344000-7f3d25353000 r--s 00095000 fd:00 116394386                  /home/jdr0887/.m2/repository/org/apache/sshd/sshd-core/0.14.0/sshd-core-0.14.0.jar
7f3d25353000-7f3d25355000 r--s 00003000 fd:00 109053822                  /home/jdr0887/.m2/repository/org/apache/karaf/jaas/org.apache.karaf.jaas.boot/4.0.8/org.apache.karaf.jaas.boot-4.0.8.jar
7f3d25355000-7f3d25358000 r--s 0003a000 fd:00 109053823                  /home/jdr0887/.m2/repository/jline/jline/2.14.1/jline-2.14.1.jar
7f3d25358000-7f3d25361000 r--s 0005e000 fd:00 109053819                  /home/jdr0887/.m2/repository/org/apache/karaf/shell/org.apache.karaf.shell.core/4.0.8/org.apache.karaf.shell.core-4.0.8.jar
7f3d25361000-7f3d25364000 r--s 00025000 fd:00 106433664                  /home/jdr0887/.m2/repository/commons-dbcp/commons-dbcp/1.4/commons-dbcp-1.4.jar
7f3d25364000-7f3d25369000 r--s 0003c000 fd:00 138155301                  /home/jdr0887/.m2/repository/org/springframework/spring-expression/4.2.5.RELEASE/spring-expression-4.2.5.RELEASE.jar
7f3d25369000-7f3d25382000 r--s 000f3000 fd:00 138155297                  /home/jdr0887/.m2/repository/org/springframework/spring-context/4.2.5.RELEASE/spring-context-4.2.5.RELEASE.jar
7f3d25382000-7f3d25384000 r--s 00000000 fd:00 105777645                  /home/jdr0887/.m2/repository/aopalliance/aopalliance/1.0/aopalliance-1.0.jar
7f3d25384000-7f3d2538d000 r--s 00052000 fd:00 138155299                  /home/jdr0887/.m2/repository/org/springframework/spring-aop/4.2.5.RELEASE/spring-aop-4.2.5.RELEASE.jar
7f3d2538d000-7f3d25394000 r--s 0003a000 fd:00 138155295                  /home/jdr0887/.m2/repository/org/springframework/spring-tx/4.2.5.RELEASE/spring-tx-4.2.5.RELEASE.jar
7f3d25394000-7f3d2539e000 r--s 0005e000 fd:00 138155293                  /home/jdr0887/.m2/repository/org/springframework/spring-jdbc/4.2.5.RELEASE/spring-jdbc-4.2.5.RELEASE.jar
7f3d2539e000-7f3d253b4000 r--s 000f2000 fd:00 137629207                  /home/jdr0887/.m2/repository/org/springframework/spring-core/4.2.5.RELEASE/spring-core-4.2.5.RELEASE.jar
7f3d253b4000-7f3d253c1000 r--s 000a6000 fd:00 137629209                  /home/jdr0887/.m2/repository/org/springframework/spring-beans/4.2.5.RELEASE/spring-beans-4.2.5.RELEASE.jar
7f3d253c1000-7f3d253d2000 r--s 000b9000 fd:00 106959602                  /home/jdr0887/.m2/repository/org/apache/logging/log4j/log4j-core/2.2/log4j-core-2.2.jar
7f3d253d2000-7f3d253d3000 ---p 00000000 00:00 0 
7f3d253d3000-7f3d254d3000 rw-p 00000000 00:00 0 
7f3d254d3000-7f3d254d6000 ---p 00000000 00:00 0 
7f3d254d6000-7f3d255d4000 rw-p 00000000 00:00 0 
7f3d255d4000-7f3d255d7000 ---p 00000000 00:00 0 
7f3d255d7000-7f3d256d5000 rw-p 00000000 00:00 0 
7f3d256d5000-7f3d256d8000 ---p 00000000 00:00 0 
7f3d256d8000-7f3d257d6000 rw-p 00000000 00:00 0 
7f3d257d6000-7f3d257d9000 ---p 00000000 00:00 0 
7f3d257d9000-7f3d258d7000 rw-p 00000000 00:00 0 
7f3d258d7000-7f3d258da000 ---p 00000000 00:00 0 
7f3d258da000-7f3d259d8000 rw-p 00000000 00:00 0 
7f3d259d8000-7f3d259db000 ---p 00000000 00:00 0 
7f3d259db000-7f3d25ad9000 rw-p 00000000 00:00 0 
7f3d25ad9000-7f3d25adc000 ---p 00000000 00:00 0 
7f3d25adc000-7f3d25bda000 rw-p 00000000 00:00 0 
7f3d25bda000-7f3d25bdd000 ---p 00000000 00:00 0 
7f3d25bdd000-7f3d25cdb000 rw-p 00000000 00:00 0 
7f3d25cdb000-7f3d25cde000 ---p 00000000 00:00 0 
7f3d25cde000-7f3d25ddc000 rw-p 00000000 00:00 0 
7f3d25ddc000-7f3d25ddf000 ---p 00000000 00:00 0 
7f3d25ddf000-7f3d25edd000 rw-p 00000000 00:00 0 
7f3d25edd000-7f3d25ee0000 ---p 00000000 00:00 0 
7f3d25ee0000-7f3d25fde000 rw-p 00000000 00:00 0 
7f3d25fde000-7f3d25fe1000 ---p 00000000 00:00 0 
7f3d25fe1000-7f3d260df000 rw-p 00000000 00:00 0 
7f3d260df000-7f3d260e2000 ---p 00000000 00:00 0 
7f3d260e2000-7f3d261e0000 rw-p 00000000 00:00 0 
7f3d261e0000-7f3d261e3000 ---p 00000000 00:00 0 
7f3d261e3000-7f3d262e1000 rw-p 00000000 00:00 0 
7f3d262e1000-7f3d262e4000 ---p 00000000 00:00 0 
7f3d262e4000-7f3d263e2000 rw-p 00000000 00:00 0 
7f3d263e2000-7f3d263e5000 ---p 00000000 00:00 0 
7f3d263e5000-7f3d264e3000 rw-p 00000000 00:00 0 
7f3d264e3000-7f3d264e7000 r-xp 00000000 fd:00 92153680                   /usr/lib/jvm/java-8-oracle/jre/lib/amd64/libdt_socket.so
7f3d264e7000-7f3d266e6000 ---p 00004000 fd:00 92153680                   /usr/lib/jvm/java-8-oracle/jre/lib/amd64/libdt_socket.so
7f3d266e6000-7f3d266e7000 rw-p 00003000 fd:00 92153680                   /usr/lib/jvm/java-8-oracle/jre/lib/amd64/libdt_socket.so
7f3d266e7000-7f3d266ea000 ---p 00000000 00:00 0 
7f3d266ea000-7f3d267e8000 rw-p 00000000 00:00 0 
7f3d267e8000-7f3d267eb000 ---p 00000000 00:00 0 
7f3d267eb000-7f3d268e9000 rw-p 00000000 00:00 0 
7f3d268e9000-7f3d268ec000 ---p 00000000 00:00 0 
7f3d268ec000-7f3d269ea000 rw-p 00000000 00:00 0 
7f3d269ea000-7f3d269eb000 ---p 00000000 00:00 0 
7f3d269eb000-7f3d28000000 rw-p 00000000 00:00 0 
7f3d28000000-7f3d28021000 rw-p 00000000 00:00 0 
7f3d28021000-7f3d2c000000 ---p 00000000 00:00 0 
7f3d2c001000-7f3d2c003000 r--s 0000e000 fd:00 115215354                  /home/jdr0887/.m2/repository/commons-logging/commons-logging/1.2/commons-logging-1.2.jar
7f3d2c003000-7f3d2c00d000 r--s 00068000 fd:00 116397792                  /home/jdr0887/.m2/repository/org/springframework/spring-orm/4.2.5.RELEASE/spring-orm-4.2.5.RELEASE.jar
7f3d2c00d000-7f3d2c00f000 r--s 00004000 fd:00 106959598                  /home/jdr0887/.m2/repository/org/apache/logging/log4j/log4j-slf4j-impl/2.2/log4j-slf4j-impl-2.2.jar
7f3d2c00f000-7f3d2c012000 r--s 0001e000 fd:00 106959599                  /home/jdr0887/.m2/repository/org/apache/logging/log4j/log4j-api/2.2/log4j-api-2.2.jar
7f3d2c012000-7f3d2c013000 r--s 00007000 fd:00 118883842                  /home/jdr0887/.m2/repository/org/slf4j/slf4j-api/1.7.12/slf4j-api-1.7.12.jar
7f3d2c013000-7f3d2c01c000 r--s 00051000 fd:00 105777997                  /home/jdr0887/.m2/repository/org/hibernate/hibernate-validator/4.2.0.Final/hibernate-validator-4.2.0.Final.jar
7f3d2c01c000-7f3d2c024000 r--s 0006e000 fd:00 106569564                  /home/jdr0887/.m2/repository/org/apache/commons/commons-lang3/3.5/commons-lang3-3.5.jar
7f3d2c024000-7f3d2c029000 r--s 00019000 fd:00 105777090                  /home/jdr0887/.m2/repository/org/apache/geronimo/specs/geronimo-jpa_2.0_spec/1.1/geronimo-jpa_2.0_spec-1.1.jar
7f3d2c029000-7f3d2c02d000 r--s 00020000 fd:00 115085459                  /home/jdr0887/.m2/repository/org/apache/xbean/xbean-asm5-shaded/3.17/xbean-asm5-shaded-3.17.jar
7f3d2c02d000-7f3d2c030000 r--s 00015000 fd:00 105777087                  /home/jdr0887/.m2/repository/commons-pool/commons-pool/1.5.4/commons-pool-1.5.4.jar
7f3d2c030000-7f3d2c032000 r--s 00006000 fd:00 105777082                  /home/jdr0887/.m2/repository/org/apache/geronimo/specs/geronimo-jms_1.1_spec/1.1.1/geronimo-jms_1.1_spec-1.1.1.jar
7f3d2c032000-7f3d2c034000 r--s 00009000 fd:00 105514275                  /home/jdr0887/.m2/repository/org/hamcrest/hamcrest-core/1.3/hamcrest-core-1.3.jar
7f3d2c034000-7f3d2c03c000 r--s 00045000 fd:00 114429088                  /home/jdr0887/.m2/repository/junit/junit/4.12/junit-4.12.jar
7f3d2c03c000-7f3d2c03f000 r--s 00032000 fd:00 115085462                  /home/jdr0887/.m2/repository/net/sourceforge/serp/serp/1.15.1/serp-1.15.1.jar
7f3d2c03f000-7f3d2c04c000 r--s 00083000 fd:00 119932785                  /home/jdr0887/.m2/repository/commons-collections/commons-collections/3.2.2/commons-collections-3.2.2.jar
7f3d2c04c000-7f3d2c050000 r--s 0003c000 fd:00 105515452                  /home/jdr0887/.m2/repository/commons-lang/commons-lang/2.4/commons-lang-2.4.jar
7f3d2c050000-7f3d2c087000 r--s 00411000 fd:00 137104666                  /home/jdr0887/.m2/repository/org/apache/openjpa/openjpa/2.4.1/openjpa-2.4.1.jar
7f3d2c087000-7f3d2c097000 r--s 000a8000 fd:00 116667564                  /home/jdr0887/.m2/repository/org/apache/commons/commons-collections4/4.1/commons-collections4-4.1.jar
7f3d2c097000-7f3d2c09e000 r--s 0009f000 fd:00 117579781                  /home/jdr0887/.m2/repository/org/postgresql/postgresql/9.4.1212.jre7/postgresql-9.4.1212.jre7.jar
7f3d2c09e000-7f3d2c0b0000 r--s 000ab000 fd:00 107614207                  /home/jdr0887/.m2/repository/org/osgi/org.osgi.compendium/5.0.0/org.osgi.compendium-5.0.0.jar
7f3d2c0b0000-7f3d2c0b9000 r--s 00061000 fd:00 106827350                  /home/jdr0887/.m2/repository/org/osgi/org.osgi.core/5.0.0/org.osgi.core-5.0.0.jar
7f3d2c0b9000-7f3d2c0bf000 r--s 00046000 fd:00 108003405                  /home/jdr0887/.m2/repository/commons-net/commons-net/3.6/commons-net-3.6.jar
7f3d2c0bf000-7f3d2c0c5000 r--s 0003c000 fd:00 107746878                  /home/jdr0887/.m2/repository/org/apache/commons/commons-jexl/2.1.1/commons-jexl-2.1.1.jar
7f3d2c0c5000-7f3d2c0dd000 r--s 00166000 fd:00 115353223                  /home/jdr0887/.m2/repository/com/github/samtools/htsjdk/2.8.1/htsjdk-2.8.1.jar
7f3d2c0dd000-7f3d30000000 rw-p 00000000 00:00 0 
7f3d30000000-7f3d30021000 rw-p 00000000 00:00 0 
7f3d30021000-7f3d34000000 ---p 00000000 00:00 0 
7f3d34000000-7f3d34021000 rw-p 00000000 00:00 0 
7f3d34021000-7f3d38000000 ---p 00000000 00:00 0 
7f3d38000000-7f3d38021000 rw-p 00000000 00:00 0 
7f3d38021000-7f3d3c000000 ---p 00000000 00:00 0 
7f3d3c000000-7f3d3c021000 rw-p 00000000 00:00 0 
7f3d3c021000-7f3d40000000 ---p 00000000 00:00 0 
7f3d40000000-7f3d40021000 rw-p 00000000 00:00 0 
7f3d40021000-7f3d44000000 ---p 00000000 00:00 0 
7f3d44000000-7f3d44021000 rw-p 00000000 00:00 0 
7f3d44021000-7f3d48000000 ---p 00000000 00:00 0 
7f3d48000000-7f3d48021000 rw-p 00000000 00:00 0 
7f3d48021000-7f3d4c000000 ---p 00000000 00:00 0 
7f3d4c000000-7f3d4c021000 rw-p 00000000 00:00 0 
7f3d4c021000-7f3d50000000 ---p 00000000 00:00 0 
7f3d50000000-7f3d50021000 rw-p 00000000 00:00 0 
7f3d50021000-7f3d54000000 ---p 00000000 00:00 0 
7f3d54000000-7f3d54021000 rw-p 00000000 00:00 0 
7f3d54021000-7f3d58000000 ---p 00000000 00:00 0 
7f3d58000000-7f3d58004000 r--s 0002f000 fd:00 146672618                  /home/jdr0887/.m2/repository/commons-io/commons-io/2.5/commons-io-2.5.jar
7f3d58004000-7f3d599c9000 rw-p 00000000 00:00 0 
7f3d599c9000-7f3d59ba2000 r--s 03d29000 fd:00 92153633                   /usr/lib/jvm/java-8-oracle/jre/lib/rt.jar
7f3d59ba2000-7f3d5a0e2000 rw-p 00000000 00:00 0 
7f3d5a0e2000-7f3d5a3a2000 ---p 00000000 00:00 0 
7f3d5a3a2000-7f3d5a5fa000 rw-p 00000000 00:00 0 
7f3d5a5fa000-7f3d5a5fb000 ---p 00000000 00:00 0 
7f3d5a5fb000-7f3d5a6fb000 rw-p 00000000 00:00 0 
7f3d5a6fb000-7f3d5a6fc000 ---p 00000000 00:00 0 
7f3d5a6fc000-7f3d5a7fc000 rw-p 00000000 00:00 0 
7f3d5a7fc000-7f3d5a7fd000 ---p 00000000 00:00 0 
7f3d5a7fd000-7f3d5a8fd000 rw-p 00000000 00:00 0 
7f3d5a8fd000-7f3d5a8fe000 ---p 00000000 00:00 0 
7f3d5a8fe000-7f3d5a9fe000 rw-p 00000000 00:00 0 
7f3d5a9fe000-7f3d5a9ff000 ---p 00000000 00:00 0 
7f3d5a9ff000-7f3d5aaff000 rw-p 00000000 00:00 0 
7f3d5aaff000-7f3d5ab00000 ---p 00000000 00:00 0 
7f3d5ab00000-7f3d5aea0000 rw-p 00000000 00:00 0 
7f3d5aea0000-7f3d5d400000 ---p 00000000 00:00 0 
7f3d5d400000-7f3d5d6a0000 rw-p 00000000 00:00 0 
7f3d5d6a0000-7f3d5fbff000 ---p 00000000 00:00 0 
7f3d5fbff000-7f3d5fd4f000 rw-p 00000000 00:00 0 
7f3d5fd4f000-7f3d60fff000 ---p 00000000 00:00 0 
7f3d60fff000-7f3d61000000 rw-p 00000000 00:00 0 
7f3d61000000-7f3d613f0000 rwxp 00000000 00:00 0 
7f3d613f0000-7f3d70000000 ---p 00000000 00:00 0 
7f3d70000000-7f3d70635000 rw-p 00000000 00:00 0 
7f3d70635000-7f3d74000000 ---p 00000000 00:00 0 
7f3d74000000-7f3d74001000 r--s 00003000 fd:00 105777079                  /home/jdr0887/.m2/repository/org/apache/geronimo/specs/geronimo-jta_1.1_spec/1.1.1/geronimo-jta_1.1_spec-1.1.1.jar
7f3d74001000-7f3d740b9000 rw-p 00000000 00:00 0 
7f3d740b9000-7f3d740ba000 ---p 00000000 00:00 0 
7f3d740ba000-7f3d741ba000 rw-p 00000000 00:00 0 
7f3d741ba000-7f3d741bb000 ---p 00000000 00:00 0 
7f3d741bb000-7f3d742bb000 rw-p 00000000 00:00 0 
7f3d742bb000-7f3d742bc000 ---p 00000000 00:00 0 
7f3d742bc000-7f3d743bc000 rw-p 00000000 00:00 0 
7f3d743bc000-7f3d743bd000 ---p 00000000 00:00 0 
7f3d743bd000-7f3d744bd000 rw-p 00000000 00:00 0 
7f3d744bd000-7f3d744be000 ---p 00000000 00:00 0 
7f3d744be000-7f3d745be000 rw-p 00000000 00:00 0 
7f3d745be000-7f3d745bf000 ---p 00000000 00:00 0 
7f3d745bf000-7f3d746bf000 rw-p 00000000 00:00 0 
7f3d746bf000-7f3d746c0000 ---p 00000000 00:00 0 
7f3d746c0000-7f3d747c0000 rw-p 00000000 00:00 0 
7f3d747c0000-7f3d747c1000 ---p 00000000 00:00 0 
7f3d747c1000-7f3d748c1000 rw-p 00000000 00:00 0 
7f3d748c1000-7f3d748c2000 ---p 00000000 00:00 0 
7f3d748c2000-7f3d749d2000 rw-p 00000000 00:00 0 
7f3d749d2000-7f3d74d82000 ---p 00000000 00:00 0 
7f3d74d82000-7f3d74d9c000 r-xp 00000000 fd:00 92153662                   /usr/lib/jvm/java-8-oracle/jre/lib/amd64/libzip.so
7f3d74d9c000-7f3d74f9c000 ---p 0001a000 fd:00 92153662                   /usr/lib/jvm/java-8-oracle/jre/lib/amd64/libzip.so
7f3d74f9c000-7f3d74f9d000 rw-p 0001a000 fd:00 92153662                   /usr/lib/jvm/java-8-oracle/jre/lib/amd64/libzip.so
7f3d74f9d000-7f3d74fa8000 r-xp 00000000 fd:00 14680440                   /lib/x86_64-linux-gnu/libnss_files-2.24.so
7f3d74fa8000-7f3d751a7000 ---p 0000b000 fd:00 14680440                   /lib/x86_64-linux-gnu/libnss_files-2.24.so
7f3d751a7000-7f3d751a8000 r--p 0000a000 fd:00 14680440                   /lib/x86_64-linux-gnu/libnss_files-2.24.so
7f3d751a8000-7f3d751a9000 rw-p 0000b000 fd:00 14680440                   /lib/x86_64-linux-gnu/libnss_files-2.24.so
7f3d751a9000-7f3d751af000 rw-p 00000000 00:00 0 
7f3d751af000-7f3d751ba000 r-xp 00000000 fd:00 14680444                   /lib/x86_64-linux-gnu/libnss_nis-2.24.so
7f3d751ba000-7f3d753b9000 ---p 0000b000 fd:00 14680444                   /lib/x86_64-linux-gnu/libnss_nis-2.24.so
7f3d753b9000-7f3d753ba000 r--p 0000a000 fd:00 14680444                   /lib/x86_64-linux-gnu/libnss_nis-2.24.so
7f3d753ba000-7f3d753bb000 rw-p 0000b000 fd:00 14680444                   /lib/x86_64-linux-gnu/libnss_nis-2.24.so
7f3d753bb000-7f3d753d1000 r-xp 00000000 fd:00 14680411                   /lib/x86_64-linux-gnu/libnsl-2.24.so
7f3d753d1000-7f3d755d0000 ---p 00016000 fd:00 14680411                   /lib/x86_64-linux-gnu/libnsl-2.24.so
7f3d755d0000-7f3d755d1000 r--p 00015000 fd:00 14680411                   /lib/x86_64-linux-gnu/libnsl-2.24.so
7f3d755d1000-7f3d755d2000 rw-p 00016000 fd:00 14680411                   /lib/x86_64-linux-gnu/libnsl-2.24.so
7f3d755d2000-7f3d755d4000 rw-p 00000000 00:00 0 
7f3d755d4000-7f3d755dc000 r-xp 00000000 fd:00 14680416                   /lib/x86_64-linux-gnu/libnss_compat-2.24.so
7f3d755dc000-7f3d757db000 ---p 00008000 fd:00 14680416                   /lib/x86_64-linux-gnu/libnss_compat-2.24.so
7f3d757db000-7f3d757dc000 r--p 00007000 fd:00 14680416                   /lib/x86_64-linux-gnu/libnss_compat-2.24.so
7f3d757dc000-7f3d757dd000 rw-p 00008000 fd:00 14680416                   /lib/x86_64-linux-gnu/libnss_compat-2.24.so
7f3d757dd000-7f3d75ab6000 r--p 00000000 fd:00 90325790                   /usr/lib/locale/locale-archive
7f3d75ab6000-7f3d75ab8000 r-xp 00000000 fd:00 92153670                   /usr/lib/jvm/java-8-oracle/jre/lib/amd64/libnpt.so
7f3d75ab8000-7f3d75cb8000 ---p 00002000 fd:00 92153670                   /usr/lib/jvm/java-8-oracle/jre/lib/amd64/libnpt.so
7f3d75cb8000-7f3d75cb9000 rw-p 00002000 fd:00 92153670                   /usr/lib/jvm/java-8-oracle/jre/lib/amd64/libnpt.so
7f3d75cb9000-7f3d75cf2000 r-xp 00000000 fd:00 92153638                   /usr/lib/jvm/java-8-oracle/jre/lib/amd64/libjdwp.so
7f3d75cf2000-7f3d75ef1000 ---p 00039000 fd:00 92153638                   /usr/lib/jvm/java-8-oracle/jre/lib/amd64/libjdwp.so
7f3d75ef1000-7f3d75ef3000 rw-p 00038000 fd:00 92153638                   /usr/lib/jvm/java-8-oracle/jre/lib/amd64/libjdwp.so
7f3d75ef3000-7f3d75f1d000 r-xp 00000000 fd:00 92153688                   /usr/lib/jvm/java-8-oracle/jre/lib/amd64/libjava.so
7f3d75f1d000-7f3d7611d000 ---p 0002a000 fd:00 92153688                   /usr/lib/jvm/java-8-oracle/jre/lib/amd64/libjava.so
7f3d7611d000-7f3d7611f000 rw-p 0002a000 fd:00 92153688                   /usr/lib/jvm/java-8-oracle/jre/lib/amd64/libjava.so
7f3d7611f000-7f3d7612c000 r-xp 00000000 fd:00 92153642                   /usr/lib/jvm/java-8-oracle/jre/lib/amd64/libverify.so
7f3d7612c000-7f3d7632c000 ---p 0000d000 fd:00 92153642                   /usr/lib/jvm/java-8-oracle/jre/lib/amd64/libverify.so
7f3d7632c000-7f3d7632e000 rw-p 0000d000 fd:00 92153642                   /usr/lib/jvm/java-8-oracle/jre/lib/amd64/libverify.so
7f3d7632e000-7f3d76335000 r-xp 00000000 fd:00 14680459                   /lib/x86_64-linux-gnu/librt-2.24.so
7f3d76335000-7f3d76534000 ---p 00007000 fd:00 14680459                   /lib/x86_64-linux-gnu/librt-2.24.so
7f3d76534000-7f3d76535000 r--p 00006000 fd:00 14680459                   /lib/x86_64-linux-gnu/librt-2.24.so
7f3d76535000-7f3d76536000 rw-p 00007000 fd:00 14680459                   /lib/x86_64-linux-gnu/librt-2.24.so
7f3d76536000-7f3d7663e000 r-xp 00000000 fd:00 14680397                   /lib/x86_64-linux-gnu/libm-2.24.so
7f3d7663e000-7f3d7683d000 ---p 00108000 fd:00 14680397                   /lib/x86_64-linux-gnu/libm-2.24.so
7f3d7683d000-7f3d7683e000 r--p 00107000 fd:00 14680397                   /lib/x86_64-linux-gnu/libm-2.24.so
7f3d7683e000-7f3d7683f000 rw-p 00108000 fd:00 14680397                   /lib/x86_64-linux-gnu/libm-2.24.so
7f3d7683f000-7f3d7750a000 r-xp 00000000 fd:00 92153692                   /usr/lib/jvm/java-8-oracle/jre/lib/amd64/server/libjvm.so
7f3d7750a000-7f3d77709000 ---p 00ccb000 fd:00 92153692                   /usr/lib/jvm/java-8-oracle/jre/lib/amd64/server/libjvm.so
7f3d77709000-7f3d777e2000 rw-p 00cca000 fd:00 92153692                   /usr/lib/jvm/java-8-oracle/jre/lib/amd64/server/libjvm.so
7f3d777e2000-7f3d7782d000 rw-p 00000000 00:00 0 
7f3d7782d000-7f3d779ea000 r-xp 00000000 fd:00 14680355                   /lib/x86_64-linux-gnu/libc-2.24.so
7f3d779ea000-7f3d77bea000 ---p 001bd000 fd:00 14680355                   /lib/x86_64-linux-gnu/libc-2.24.so
7f3d77bea000-7f3d77bee000 r--p 001bd000 fd:00 14680355                   /lib/x86_64-linux-gnu/libc-2.24.so
7f3d77bee000-7f3d77bf0000 rw-p 001c1000 fd:00 14680355                   /lib/x86_64-linux-gnu/libc-2.24.so
7f3d77bf0000-7f3d77bf4000 rw-p 00000000 00:00 0 
7f3d77bf4000-7f3d77bf7000 r-xp 00000000 fd:00 14680377                   /lib/x86_64-linux-gnu/libdl-2.24.so
7f3d77bf7000-7f3d77df6000 ---p 00003000 fd:00 14680377                   /lib/x86_64-linux-gnu/libdl-2.24.so
7f3d77df6000-7f3d77df7000 r--p 00002000 fd:00 14680377                   /lib/x86_64-linux-gnu/libdl-2.24.so
7f3d77df7000-7f3d77df8000 rw-p 00003000 fd:00 14680377                   /lib/x86_64-linux-gnu/libdl-2.24.so
7f3d77df8000-7f3d77e0d000 r-xp 00000000 fd:00 92151966                   /usr/lib/jvm/java-8-oracle/lib/amd64/jli/libjli.so
7f3d77e0d000-7f3d7800d000 ---p 00015000 fd:00 92151966                   /usr/lib/jvm/java-8-oracle/lib/amd64/jli/libjli.so
7f3d7800d000-7f3d7800e000 rw-p 00015000 fd:00 92151966                   /usr/lib/jvm/java-8-oracle/lib/amd64/jli/libjli.so
7f3d7800e000-7f3d78026000 r-xp 00000000 fd:00 14680454                   /lib/x86_64-linux-gnu/libpthread-2.24.so
7f3d78026000-7f3d78226000 ---p 00018000 fd:00 14680454                   /lib/x86_64-linux-gnu/libpthread-2.24.so
7f3d78226000-7f3d78227000 r--p 00018000 fd:00 14680454                   /lib/x86_64-linux-gnu/libpthread-2.24.so
7f3d78227000-7f3d78228000 rw-p 00019000 fd:00 14680454                   /lib/x86_64-linux-gnu/libpthread-2.24.so
7f3d78228000-7f3d7822c000 rw-p 00000000 00:00 0 
7f3d7822c000-7f3d78251000 r-xp 00000000 fd:00 14680137                   /lib/x86_64-linux-gnu/ld-2.24.so
7f3d78251000-7f3d78323000 rw-p 00000000 00:00 0 
7f3d78323000-7f3d78326000 ---p 00000000 00:00 0 
7f3d78326000-7f3d78426000 rw-p 00000000 00:00 0 
7f3d78426000-7f3d78427000 r--s 00002000 fd:00 116920714                  /home/jdr0887/.m2/repository/org/ops4j/pax/cdi/pax-cdi-api/0.12.0/pax-cdi-api-0.12.0.jar
7f3d78427000-7f3d78428000 r--s 00005000 fd:00 119539884                  /home/jdr0887/.m2/repository/javax/interceptor/javax.interceptor-api/1.2/javax.interceptor-api-1.2.jar
7f3d78428000-7f3d7842a000 r--s 000f0000 fd:00 105908580                  /home/jdr0887/.m2/repository/org/xerial/snappy/snappy-java/1.0.3-rc3/snappy-java-1.0.3-rc3.jar
7f3d7842a000-7f3d7842e000 r--s 00015000 fd:00 115477495                  /home/jdr0887/.m2/repository/org/tukaani/xz/1.5/xz-1.5.jar
7f3d7842e000-7f3d78431000 r--s 00010000 fd:00 116397686                  /home/jdr0887/.m2/repository/gov/nih/nlm/ncbi/ngs-java/1.2.4/ngs-java-1.2.4.jar
7f3d78431000-7f3d7843a000 r--s 0006a000 fd:00 117053197                  /home/jdr0887/.m2/repository/org/apache/commons/commons-compress/1.13/commons-compress-1.13.jar
7f3d7843a000-7f3d7843c000 r--s 0000d000 fd:00 105645585                  /home/jdr0887/.m2/repository/commons-logging/commons-logging/1.1.1/commons-logging-1.1.1.jar
7f3d7843c000-7f3d78440000 r--s 0000c000 fd:00 107484446                  /home/jdr0887/.m2/repository/javax/validation/validation-api/1.1.0.Final/validation-api-1.1.0.Final.jar
7f3d78440000-7f3d78442000 r--s 00006000 fd:00 115609454                  /home/jdr0887/.m2/repository/javax/transaction/javax.transaction-api/1.2/javax.transaction-api-1.2.jar
7f3d78442000-7f3d78443000 r--s 00000000 fd:00 106826475                  /home/jdr0887/.m2/repository/javax/inject/javax.inject/1/javax.inject-1.jar
7f3d78443000-7f3d7844b000 rw-s 00000000 fd:00 104208030                  /tmp/hsperfdata_jdr0887/23358
7f3d7844b000-7f3d7844c000 rw-p 00000000 00:00 0 
7f3d7844c000-7f3d7844d000 r--p 00000000 00:00 0 
7f3d7844d000-7f3d78450000 rw-p 00000000 00:00 0 
7f3d78450000-7f3d78451000 r--p 00024000 fd:00 14680137                   /lib/x86_64-linux-gnu/ld-2.24.so
7f3d78451000-7f3d78452000 rw-p 00025000 fd:00 14680137                   /lib/x86_64-linux-gnu/ld-2.24.so
7f3d78452000-7f3d78453000 rw-p 00000000 00:00 0 
7ffd163f7000-7ffd16419000 rw-p 00000000 00:00 0                          [stack]
7ffd164bb000-7ffd164bd000 r--p 00000000 00:00 0                          [vvar]
7ffd164bd000-7ffd164bf000 r-xp 00000000 00:00 0                          [vdso]
ffffffffff600000-ffffffffff601000 r-xp 00000000 00:00 0                  [vsyscall]

VM Arguments:
jvm_args: -agentlib:jdwp=transport=dt_socket,suspend=y,address=localhost:33401 -ea -Dfile.encoding=UTF-8 
java_command: org.eclipse.jdt.internal.junit.runner.RemoteTestRunner -version 3 -port 40409 -testLoaderClass org.eclipse.jdt.internal.junit4.runner.JUnit4TestLoader -loaderpluginname org.eclipse.jdt.junit4.runtime -test org.renci.canvas.primer.gr.commands.Scratch:scratch
java_class_path (initial): /home/jdr0887/workspace/renci/canvas/primer/primer/primer-modules/primer-module-genome-reference/target/classes:/home/jdr0887/.m2/repository/javax/inject/javax.inject/1/javax.inject-1.jar:/home/jdr0887/.m2/repository/javax/transaction/javax.transaction-api/1.2/javax.transaction-api-1.2.jar:/home/jdr0887/.m2/repository/javax/validation/validation-api/1.1.0.Final/validation-api-1.1.0.Final.jar:/home/jdr0887/.m2/repository/com/github/samtools/htsjdk/2.8.1/htsjdk-2.8.1.jar:/home/jdr0887/.m2/repository/commons-logging/commons-logging/1.1.1/commons-logging-1.1.1.jar:/home/jdr0887/.m2/repository/org/apache/commons/commons-compress/1.13/commons-compress-1.13.jar:/home/jdr0887/.m2/repository/gov/nih/nlm/ncbi/ngs-java/1.2.4/ngs-java-1.2.4.jar:/home/jdr0887/.m2/repository/org/tukaani/xz/1.5/xz-1.5.jar:/home/jdr0887/.m2/repository/org/apache/commons/commons-jexl/2.1.1/commons-jexl-2.1.1.jar:/home/jdr0887/.m2/repository/org/xerial/snappy/snappy-java/1.0.3-rc3/snappy-java-1.0.3-rc3.jar:/home/jdr0887/.m2/repository/commons-net/commons-net/3.6/commons-net-3.6.jar:/home/jdr0887/.m2/repository/commons-io/commons-io/2.5/commons-io-2.5.jar:/home/jdr0887/workspace/renci/canvas/canvas-dao/canvas-dao/canvas-dao-jpa/target/test-classes:/home/jdr0887/workspace/renci/canvas/canvas-dao/canvas-dao/canvas-dao-jpa/target/classes:/home/jdr0887/.m2/repository/javax/interceptor/javax.interceptor-api/1.2/javax.interceptor-api-1.2.jar:/home/jdr0887/.m2/repository/org/ops4j/pax/cdi/pax-cdi-api/0.12.0/pax-cdi-api-0.12.0.jar:/home/jdr0887/.m2/repository/org/osgi/org.osgi.core/5.0.0/org.osgi.core-5.0.0.jar:/home/jdr0887/.m2/repository/org/osgi/org.osgi.compendium/5.0.0/org.osgi.compendium-5.0.0.jar:/home/jdr0887/.m2/repository/org/postgresql/postgresql/9.4.1212.jre7/postgresql-9.4.1212.jre7.jar:/home/jdr0887/.m2/repository/org/apache/commons/commons-collections4/4.1/commons-collections4-4.1.jar:/home/jdr0887/workspace/renci/canvas/canvas-dao/canvas-dao/canvas-dao-api/target/c
Launcher Type: SUN_STANDARD

Environment Variables:
PATH=/usr/local/sbin:/usr/local/bin:/usr/sbin:/usr/bin:/sbin:/bin:/usr/games:/usr/local/games:/snap/bin
SHELL=/bin/bash
DISPLAY=:0.0

Signal Handlers:
SIGSEGV: [libjvm.so+0xac4790], sa_mask[0]=11111111011111111101111111111110, sa_flags=SA_RESTART|SA_SIGINFO
SIGBUS: [libjvm.so+0xac4790], sa_mask[0]=11111111011111111101111111111110, sa_flags=SA_RESTART|SA_SIGINFO
SIGFPE: [libjvm.so+0x91f140], sa_mask[0]=11111111011111111101111111111110, sa_flags=SA_RESTART|SA_SIGINFO
SIGPIPE: [libjvm.so+0x91f140], sa_mask[0]=11111111011111111101111111111110, sa_flags=SA_RESTART|SA_SIGINFO
SIGXFSZ: [libjvm.so+0x91f140], sa_mask[0]=11111111011111111101111111111110, sa_flags=SA_RESTART|SA_SIGINFO
SIGILL: [libjvm.so+0x91f140], sa_mask[0]=11111111011111111101111111111110, sa_flags=SA_RESTART|SA_SIGINFO
SIGUSR1: SIG_DFL, sa_mask[0]=00000000000000000000000000000000, sa_flags=none
SIGUSR2: [libjvm.so+0x920770], sa_mask[0]=00100000000000000000000000000000, sa_flags=SA_RESTART|SA_SIGINFO
SIGHUP: [libjvm.so+0x921b70], sa_mask[0]=11111111011111111101111111111110, sa_flags=SA_RESTART|SA_SIGINFO
SIGINT: [libjvm.so+0x921b70], sa_mask[0]=11111111011111111101111111111110, sa_flags=SA_RESTART|SA_SIGINFO
SIGTERM: [libjvm.so+0x921b70], sa_mask[0]=11111111011111111101111111111110, sa_flags=SA_RESTART|SA_SIGINFO
SIGQUIT: [libjvm.so+0x921b70], sa_mask[0]=11111111011111111101111111111110, sa_flags=SA_RESTART|SA_SIGINFO


---------------  S Y S T E M  ---------------

OS:DISTRIB_ID=Ubuntu
DISTRIB_RELEASE=16.10
DISTRIB_CODENAME=yakkety
DISTRIB_DESCRIPTION="Ubuntu 16.10"

uname:Linux 4.8.0-38-generic #41-Ubuntu SMP Wed Feb 8 14:27:17 UTC 2017 x86_64
libc:glibc 2.24 NPTL 2.24 
rlimit: STACK 8192k, CORE 0k, NPROC 515337, NOFILE 65536, AS infinity
load average:0.12 0.28 0.35

/proc/meminfo:
MemTotal:       131978508 kB
MemFree:        105823180 kB
MemAvailable:   120449764 kB
Buffers:         6614348 kB
Cached:          3491228 kB
SwapCached:            0 kB
Active:         17227332 kB
Inactive:        2541952 kB
Active(anon):    9224420 kB
Inactive(anon):   662376 kB
Active(file):    8002912 kB
Inactive(file):  1879576 kB
Unevictable:          32 kB
Mlocked:              32 kB
SwapTotal:      134160380 kB
SwapFree:       134160380 kB
Dirty:               540 kB
Writeback:             0 kB
AnonPages:       9467356 kB
Mapped:           595900 kB
Shmem:            223092 kB
Slab:            5961812 kB
SReclaimable:    5806692 kB
SUnreclaim:       155120 kB
KernelStack:       20176 kB
PageTables:        61064 kB
NFS_Unstable:          0 kB
Bounce:                0 kB
WritebackTmp:          0 kB
CommitLimit:    200149632 kB
Committed_AS:   20103372 kB
VmallocTotal:   34359738367 kB
VmallocUsed:           0 kB
VmallocChunk:          0 kB
HardwareCorrupted:     0 kB
AnonHugePages:   7219200 kB
ShmemHugePages:        0 kB
ShmemPmdMapped:        0 kB
CmaTotal:              0 kB
CmaFree:               0 kB
HugePages_Total:       0
HugePages_Free:        0
HugePages_Rsvd:        0
HugePages_Surp:        0
Hugepagesize:       2048 kB
DirectMap4k:      430708 kB
DirectMap2M:    19435520 kB
DirectMap1G:    114294784 kB


CPU:total 20 (10 cores per cpu, 2 threads per core) family 6 model 62 stepping 4, cmov, cx8, fxsr, mmx, sse, sse2, sse3, ssse3, sse4.1, sse4.2, popcnt, avx, aes, clmul, erms, ht, tsc, tscinvbit

/proc/cpuinfo:
processor	: 0
vendor_id	: GenuineIntel
cpu family	: 6
model		: 62
model name	: Intel(R) Xeon(R) CPU E5-2670 v2 @ 2.50GHz
stepping	: 4
microcode	: 0x416
cpu MHz		: 1807.098
cache size	: 25600 KB
physical id	: 0
siblings	: 10
core id		: 0
cpu cores	: 10
apicid		: 0
initial apicid	: 0
fpu		: yes
fpu_exception	: yes
cpuid level	: 13
wp		: yes
flags		: fpu vme de pse tsc msr pae mce cx8 apic sep mtrr pge mca cmov pat pse36 clflush dts acpi mmx fxsr sse sse2 ss ht tm pbe syscall nx pdpe1gb rdtscp lm constant_tsc arch_perfmon pebs bts rep_good nopl xtopology nonstop_tsc aperfmperf eagerfpu pni pclmulqdq dtes64 monitor ds_cpl vmx smx est tm2 ssse3 cx16 xtpr pdcm pcid dca sse4_1 sse4_2 x2apic popcnt tsc_deadline_timer aes xsave avx f16c rdrand lahf_lm epb tpr_shadow vnmi flexpriority ept vpid fsgsbase smep erms xsaveopt dtherm ida arat pln pts
bugs		:
bogomips	: 4987.72
clflush size	: 64
cache_alignment	: 64
address sizes	: 46 bits physical, 48 bits virtual
power management:

processor	: 1
vendor_id	: GenuineIntel
cpu family	: 6
model		: 62
model name	: Intel(R) Xeon(R) CPU E5-2670 v2 @ 2.50GHz
stepping	: 4
microcode	: 0x416
cpu MHz		: 1809.234
cache size	: 25600 KB
physical id	: 0
siblings	: 10
core id		: 1
cpu cores	: 10
apicid		: 2
initial apicid	: 2
fpu		: yes
fpu_exception	: yes
cpuid level	: 13
wp		: yes
flags		: fpu vme de pse tsc msr pae mce cx8 apic sep mtrr pge mca cmov pat pse36 clflush dts acpi mmx fxsr sse sse2 ss ht tm pbe syscall nx pdpe1gb rdtscp lm constant_tsc arch_perfmon pebs bts rep_good nopl xtopology nonstop_tsc aperfmperf eagerfpu pni pclmulqdq dtes64 monitor ds_cpl vmx smx est tm2 ssse3 cx16 xtpr pdcm pcid dca sse4_1 sse4_2 x2apic popcnt tsc_deadline_timer aes xsave avx f16c rdrand lahf_lm epb tpr_shadow vnmi flexpriority ept vpid fsgsbase smep erms xsaveopt dtherm ida arat pln pts
bugs		:
bogomips	: 4987.72
clflush size	: 64
cache_alignment	: 64
address sizes	: 46 bits physical, 48 bits virtual
power management:

processor	: 2
vendor_id	: GenuineIntel
cpu family	: 6
model		: 62
model name	: Intel(R) Xeon(R) CPU E5-2670 v2 @ 2.50GHz
stepping	: 4
microcode	: 0x416
cpu MHz		: 1525.878
cache size	: 25600 KB
physical id	: 0
siblings	: 10
core id		: 2
cpu cores	: 10
apicid		: 4
initial apicid	: 4
fpu		: yes
fpu_exception	: yes
cpuid level	: 13
wp		: yes
flags		: fpu vme de pse tsc msr pae mce cx8 apic sep mtrr pge mca cmov pat pse36 clflush dts acpi mmx fxsr sse sse2 ss ht tm pbe syscall nx pdpe1gb rdtscp lm constant_tsc arch_perfmon pebs bts rep_good nopl xtopology nonstop_tsc aperfmperf eagerfpu pni pclmulqdq dtes64 monitor ds_cpl vmx smx est tm2 ssse3 cx16 xtpr pdcm pcid dca sse4_1 sse4_2 x2apic popcnt tsc_deadline_timer aes xsave avx f16c rdrand lahf_lm epb tpr_shadow vnmi flexpriority ept vpid fsgsbase smep erms xsaveopt dtherm ida arat pln pts
bugs		:
bogomips	: 4987.72
clflush size	: 64
cache_alignment	: 64
address sizes	: 46 bits physical, 48 bits virtual
power management:

processor	: 3
vendor_id	: GenuineIntel
cpu family	: 6
model		: 62
model name	: Intel(R) Xeon(R) CPU E5-2670 v2 @ 2.50GHz
stepping	: 4
microcode	: 0x416
cpu MHz		: 1811.218
cache size	: 25600 KB
physical id	: 0
siblings	: 10
core id		: 3
cpu cores	: 10
apicid		: 6
initial apicid	: 6
fpu		: yes
fpu_exception	: yes
cpuid level	: 13
wp		: yes
flags		: fpu vme de pse tsc msr pae mce cx8 apic sep mtrr pge mca cmov pat pse36 clflush dts acpi mmx fxsr sse sse2 ss ht tm pbe syscall nx pdpe1gb rdtscp lm constant_tsc arch_perfmon pebs bts rep_good nopl xtopology nonstop_tsc aperfmperf eagerfpu pni pclmulqdq dtes64 monitor ds_cpl vmx smx est tm2 ssse3 cx16 xtpr pdcm pcid dca sse4_1 sse4_2 x2apic popcnt tsc_deadline_timer aes xsave avx f16c rdrand lahf_lm epb tpr_shadow vnmi flexpriority ept vpid fsgsbase smep erms xsaveopt dtherm ida arat pln pts
bugs		:
bogomips	: 4987.72
clflush size	: 64
cache_alignment	: 64
address sizes	: 46 bits physical, 48 bits virtual
power management:

processor	: 4
vendor_id	: GenuineIntel
cpu family	: 6
model		: 62
model name	: Intel(R) Xeon(R) CPU E5-2670 v2 @ 2.50GHz
stepping	: 4
microcode	: 0x416
cpu MHz		: 1559.753
cache size	: 25600 KB
physical id	: 0
siblings	: 10
core id		: 4
cpu cores	: 10
apicid		: 8
initial apicid	: 8
fpu		: yes
fpu_exception	: yes
cpuid level	: 13
wp		: yes
flags		: fpu vme de pse tsc msr pae mce cx8 apic sep mtrr pge mca cmov pat pse36 clflush dts acpi mmx fxsr sse sse2 ss ht tm pbe syscall nx pdpe1gb rdtscp lm constant_tsc arch_perfmon pebs bts rep_good nopl xtopology nonstop_tsc aperfmperf eagerfpu pni pclmulqdq dtes64 monitor ds_cpl vmx smx est tm2 ssse3 cx16 xtpr pdcm pcid dca sse4_1 sse4_2 x2apic popcnt tsc_deadline_timer aes xsave avx f16c rdrand lahf_lm epb tpr_shadow vnmi flexpriority ept vpid fsgsbase smep erms xsaveopt dtherm ida arat pln pts
bugs		:
bogomips	: 4987.72
clflush size	: 64
cache_alignment	: 64
address sizes	: 46 bits physical, 48 bits virtual
power management:

processor	: 5
vendor_id	: GenuineIntel
cpu family	: 6
model		: 62
model name	: Intel(R) Xeon(R) CPU E5-2670 v2 @ 2.50GHz
stepping	: 4
microcode	: 0x416
cpu MHz		: 1694.641
cache size	: 25600 KB
physical id	: 0
siblings	: 10
core id		: 8
cpu cores	: 10
apicid		: 16
initial apicid	: 16
fpu		: yes
fpu_exception	: yes
cpuid level	: 13
wp		: yes
flags		: fpu vme de pse tsc msr pae mce cx8 apic sep mtrr pge mca cmov pat pse36 clflush dts acpi mmx fxsr sse sse2 ss ht tm pbe syscall nx pdpe1gb rdtscp lm constant_tsc arch_perfmon pebs bts rep_good nopl xtopology nonstop_tsc aperfmperf eagerfpu pni pclmulqdq dtes64 monitor ds_cpl vmx smx est tm2 ssse3 cx16 xtpr pdcm pcid dca sse4_1 sse4_2 x2apic popcnt tsc_deadline_timer aes xsave avx f16c rdrand lahf_lm epb tpr_shadow vnmi flexpriority ept vpid fsgsbase smep erms xsaveopt dtherm ida arat pln pts
bugs		:
bogomips	: 4987.72
clflush size	: 64
cache_alignment	: 64
address sizes	: 46 bits physical, 48 bits virtual
power management:

processor	: 6
vendor_id	: GenuineIntel
cpu family	: 6
model		: 62
model name	: Intel(R) Xeon(R) CPU E5-2670 v2 @ 2.50GHz
stepping	: 4
microcode	: 0x416
cpu MHz		: 1986.541
cache size	: 25600 KB
physical id	: 0
siblings	: 10
core id		: 9
cpu cores	: 10
apicid		: 18
initial apicid	: 18
fpu		: yes
fpu_exception	: yes
cpuid level	: 13
wp		: yes
flags		: fpu vme de pse tsc msr pae mce cx8 apic sep mtrr pge mca cmov pat pse36 clflush dts acpi mmx fxsr sse sse2 ss ht tm pbe syscall nx pdpe1gb rdtscp lm constant_tsc arch_perfmon pebs bts rep_good nopl xtopology nonstop_tsc aperfmperf eagerfpu pni pclmulqdq dtes64 monitor ds_cpl vmx smx est tm2 ssse3 cx16 xtpr pdcm pcid dca sse4_1 sse4_2 x2apic popcnt tsc_deadline_timer aes xsave avx f16c rdrand lahf_lm epb tpr_shadow vnmi flexpriority ept vpid fsgsbase smep erms xsaveopt dtherm ida arat pln pts
bugs		:
bogomips	: 4987.72
clflush size	: 64
cache_alignment	: 64
address sizes	: 46 bits physical, 48 bits virtual
power management:

processor	: 7
vendor_id	: GenuineIntel
cpu family	: 6
model		: 62
model name	: Intel(R) Xeon(R) CPU E5-2670 v2 @ 2.50GHz
stepping	: 4
microcode	: 0x416
cpu MHz		: 1926.879
cache size	: 25600 KB
physical id	: 0
siblings	: 10
core id		: 10
cpu cores	: 10
apicid		: 20
initial apicid	: 20
fpu		: yes
fpu_exception	: yes
cpuid level	: 13
wp		: yes
flags		: fpu vme de pse tsc msr pae mce cx8 apic sep mtrr pge mca cmov pat pse36 clflush dts acpi mmx fxsr sse sse2 ss ht tm pbe syscall nx pdpe1gb rdtscp lm constant_tsc arch_perfmon pebs bts rep_good nopl xtopology nonstop_tsc aperfmperf eagerfpu pni pclmulqdq dtes64 monitor ds_cpl vmx smx est tm2 ssse3 cx16 xtpr pdcm pcid dca sse4_1 sse4_2 x2apic popcnt tsc_deadline_timer aes xsave avx f16c rdrand lahf_lm epb tpr_shadow vnmi flexpriority ept vpid fsgsbase smep erms xsaveopt dtherm ida arat pln pts
bugs		:
bogomips	: 4987.72
clflush size	: 64
cache_alignment	: 64
address sizes	: 46 bits physical, 48 bits virtual
power management:

processor	: 8
vendor_id	: GenuineIntel
cpu family	: 6
model		: 62
model name	: Intel(R) Xeon(R) CPU E5-2670 v2 @ 2.50GHz
stepping	: 4
microcode	: 0x416
cpu MHz		: 1977.539
cache size	: 25600 KB
physical id	: 0
siblings	: 10
core id		: 11
cpu cores	: 10
apicid		: 22
initial apicid	: 22
fpu		: yes
fpu_exception	: yes
cpuid level	: 13
wp		: yes
flags		: fpu vme de pse tsc msr pae mce cx8 apic sep mtrr pge mca cmov pat pse36 clflush dts acpi mmx fxsr sse sse2 ss ht tm pbe syscall nx pdpe1gb rdtscp lm constant_tsc arch_perfmon pebs bts rep_good nopl xtopology nonstop_tsc aperfmperf eagerfpu pni pclmulqdq dtes64 monitor ds_cpl vmx smx est tm2 ssse3 cx16 xtpr pdcm pcid dca sse4_1 sse4_2 x2apic popcnt tsc_deadline_timer aes xsave avx f16c rdrand lahf_lm epb tpr_shadow vnmi flexpriority ept vpid fsgsbase smep erms xsaveopt dtherm ida arat pln pts
bugs		:
bogomips	: 4987.72
clflush size	: 64
cache_alignment	: 64
address sizes	: 46 bits physical, 48 bits virtual
power management:

processor	: 9
vendor_id	: GenuineIntel
cpu family	: 6
model		: 62
model name	: Intel(R) Xeon(R) CPU E5-2670 v2 @ 2.50GHz
stepping	: 4
microcode	: 0x416
cpu MHz		: 1855.163
cache size	: 25600 KB
physical id	: 0
siblings	: 10
core id		: 12
cpu cores	: 10
apicid		: 24
initial apicid	: 24
fpu		: yes
fpu_exception	: yes
cpuid level	: 13
wp		: yes
flags		: fpu vme de pse tsc msr pae mce cx8 apic sep mtrr pge mca cmov pat pse36 clflush dts acpi mmx fxsr sse sse2 ss ht tm pbe syscall nx pdpe1gb rdtscp lm constant_tsc arch_perfmon pebs bts rep_good nopl xtopology nonstop_tsc aperfmperf eagerfpu pni pclmulqdq dtes64 monitor ds_cpl vmx smx est tm2 ssse3 cx16 xtpr pdcm pcid dca sse4_1 sse4_2 x2apic popcnt tsc_deadline_timer aes xsave avx f16c rdrand lahf_lm epb tpr_shadow vnmi flexpriority ept vpid fsgsbase smep erms xsaveopt dtherm ida arat pln pts
bugs		:
bogomips	: 4987.72
clflush size	: 64
cache_alignment	: 64
address sizes	: 46 bits physical, 48 bits virtual
power management:

processor	: 10
vendor_id	: GenuineIntel
cpu family	: 6
model		: 62
model name	: Intel(R) Xeon(R) CPU E5-2670 v2 @ 2.50GHz
stepping	: 4
microcode	: 0x416
cpu MHz		: 2500.000
cache size	: 25600 KB
physical id	: 1
siblings	: 10
core id		: 0
cpu cores	: 10
apicid		: 32
initial apicid	: 32
fpu		: yes
fpu_exception	: yes
cpuid level	: 13
wp		: yes
flags		: fpu vme de pse tsc msr pae mce cx8 apic sep mtrr pge mca cmov pat pse36 clflush dts acpi mmx fxsr sse sse2 ss ht tm pbe syscall nx pdpe1gb rdtscp lm constant_tsc arch_perfmon pebs bts rep_good nopl xtopology nonstop_tsc aperfmperf eagerfpu pni pclmulqdq dtes64 monitor ds_cpl vmx smx est tm2 ssse3 cx16 xtpr pdcm pcid dca sse4_1 sse4_2 x2apic popcnt tsc_deadline_timer aes xsave avx f16c rdrand lahf_lm epb tpr_shadow vnmi flexpriority ept vpid fsgsbase smep erms xsaveopt dtherm ida arat pln pts
bugs		:
bogomips	: 4987.72
clflush size	: 64
cache_alignment	: 64
address sizes	: 46 bits physical, 48 bits virtual
power management:

processor	: 11
vendor_id	: GenuineIntel
cpu family	: 6
model		: 62
model name	: Intel(R) Xeon(R) CPU E5-2670 v2 @ 2.50GHz
stepping	: 4
microcode	: 0x416
cpu MHz		: 2500.000
cache size	: 25600 KB
physical id	: 1
siblings	: 10
core id		: 1
cpu cores	: 10
apicid		: 34
initial apicid	: 34
fpu		: yes
fpu_exception	: yes
cpuid level	: 13
wp		: yes
flags		: fpu vme de pse tsc msr pae mce cx8 apic sep mtrr pge mca cmov pat pse36 clflush dts acpi mmx fxsr sse sse2 ss ht tm pbe syscall nx pdpe1gb rdtscp lm constant_tsc arch_perfmon pebs bts rep_good nopl xtopology nonstop_tsc aperfmperf eagerfpu pni pclmulqdq dtes64 monitor ds_cpl vmx smx est tm2 ssse3 cx16 xtpr pdcm pcid dca sse4_1 sse4_2 x2apic popcnt tsc_deadline_timer aes xsave avx f16c rdrand lahf_lm epb tpr_shadow vnmi flexpriority ept vpid fsgsbase smep erms xsaveopt dtherm ida arat pln pts
bugs		:
bogomips	: 4987.72
clflush size	: 64
cache_alignment	: 64
address sizes	: 46 bits physical, 48 bits virtual
power management:

processor	: 12
vendor_id	: GenuineIntel
cpu family	: 6
model		: 62
model name	: Intel(R) Xeon(R) CPU E5-2670 v2 @ 2.50GHz
stepping	: 4
microcode	: 0x416
cpu MHz		: 2401.428
cache size	: 25600 KB
physical id	: 1
siblings	: 10
core id		: 2
cpu cores	: 10
apicid		: 36
initial apicid	: 36
fpu		: yes
fpu_exception	: yes
cpuid level	: 13
wp		: yes
flags		: fpu vme de pse tsc msr pae mce cx8 apic sep mtrr pge mca cmov pat pse36 clflush dts acpi mmx fxsr sse sse2 ss ht tm pbe syscall nx pdpe1gb rdtscp lm constant_tsc arch_perfmon pebs bts rep_good nopl xtopology nonstop_tsc aperfmperf eagerfpu pni pclmulqdq dtes64 monitor ds_cpl vmx smx est tm2 ssse3 cx16 xtpr pdcm pcid dca sse4_1 sse4_2 x2apic popcnt tsc_deadline_timer aes xsave avx f16c rdrand lahf_lm epb tpr_shadow vnmi flexpriority ept vpid fsgsbase smep erms xsaveopt dtherm ida arat pln pts
bugs		:
bogomips	: 4987.72
clflush size	: 64
cache_alignment	: 64
address sizes	: 46 bits physical, 48 bits virtual
power management:

processor	: 13
vendor_id	: GenuineIntel
cpu family	: 6
model		: 62
model name	: Intel(R) Xeon(R) CPU E5-2670 v2 @ 2.50GHz
stepping	: 4
microcode	: 0x416
cpu MHz		: 2498.474
cache size	: 25600 KB
physical id	: 1
siblings	: 10
core id		: 3
cpu cores	: 10
apicid		: 38
initial apicid	: 38
fpu		: yes
fpu_exception	: yes
cpuid level	: 13
wp		: yes
flags		: fpu vme de pse tsc msr pae mce cx8 apic sep mtrr pge mca cmov pat pse36 clflush dts acpi mmx fxsr sse sse2 ss ht tm pbe syscall nx pdpe1gb rdtscp lm constant_tsc arch_perfmon pebs bts rep_good nopl xtopology nonstop_tsc aperfmperf eagerfpu pni pclmulqdq dtes64 monitor ds_cpl vmx smx est tm2 ssse3 cx16 xtpr pdcm pcid dca sse4_1 sse4_2 x2apic popcnt tsc_deadline_timer aes xsave avx f16c rdrand lahf_lm epb tpr_shadow vnmi flexpriority ept vpid fsgsbase smep erms xsaveopt dtherm ida arat pln pts
bugs		:
bogomips	: 4987.72
clflush size	: 64
cache_alignment	: 64
address sizes	: 46 bits physical, 48 bits virtual
power management:

processor	: 14
vendor_id	: GenuineIntel
cpu family	: 6
model		: 62
model name	: Intel(R) Xeon(R) CPU E5-2670 v2 @ 2.50GHz
stepping	: 4
microcode	: 0x416
cpu MHz		: 2499.847
cache size	: 25600 KB
physical id	: 1
siblings	: 10
core id		: 4
cpu cores	: 10
apicid		: 40
initial apicid	: 40
fpu		: yes
fpu_exception	: yes
cpuid level	: 13
wp		: yes
flags		: fpu vme de pse tsc msr pae mce cx8 apic sep mtrr pge mca cmov pat pse36 clflush dts acpi mmx fxsr sse sse2 ss ht tm pbe syscall nx pdpe1gb rdtscp lm constant_tsc arch_perfmon pebs bts rep_good nopl xtopology nonstop_tsc aperfmperf eagerfpu pni pclmulqdq dtes64 monitor ds_cpl vmx smx est tm2 ssse3 cx16 xtpr pdcm pcid dca sse4_1 sse4_2 x2apic popcnt tsc_deadline_timer aes xsave avx f16c rdrand lahf_lm epb tpr_shadow vnmi flexpriority ept vpid fsgsbase smep erms xsaveopt dtherm ida arat pln pts
bugs		:
bogomips	: 4987.72
clflush size	: 64
cache_alignment	: 64
address sizes	: 46 bits physical, 48 bits virtual
power management:

processor	: 15
vendor_id	: GenuineIntel
cpu family	: 6
model		: 62
model name	: Intel(R) Xeon(R) CPU E5-2670 v2 @ 2.50GHz
stepping	: 4
microcode	: 0x416
cpu MHz		: 2499.389
cache size	: 25600 KB
physical id	: 1
siblings	: 10
core id		: 8
cpu cores	: 10
apicid		: 48
initial apicid	: 48
fpu		: yes
fpu_exception	: yes
cpuid level	: 13
wp		: yes
flags		: fpu vme de pse tsc msr pae mce cx8 apic sep mtrr pge mca cmov pat pse36 clflush dts acpi mmx fxsr sse sse2 ss ht tm pbe syscall nx pdpe1gb rdtscp lm constant_tsc arch_perfmon pebs bts rep_good nopl xtopology nonstop_tsc aperfmperf eagerfpu pni pclmulqdq dtes64 monitor ds_cpl vmx smx est tm2 ssse3 cx16 xtpr pdcm pcid dca sse4_1 sse4_2 x2apic popcnt tsc_deadline_timer aes xsave avx f16c rdrand lahf_lm epb tpr_shadow vnmi flexpriority ept vpid fsgsbase smep erms xsaveopt dtherm ida arat pln pts
bugs		:
bogomips	: 4987.72
clflush size	: 64
cache_alignment	: 64
address sizes	: 46 bits physical, 48 bits virtual
power management:

processor	: 16
vendor_id	: GenuineIntel
cpu family	: 6
model		: 62
model name	: Intel(R) Xeon(R) CPU E5-2670 v2 @ 2.50GHz
stepping	: 4
microcode	: 0x416
cpu MHz		: 2500.000
cache size	: 25600 KB
physical id	: 1
siblings	: 10
core id		: 9
cpu cores	: 10
apicid		: 50
initial apicid	: 50
fpu		: yes
fpu_exception	: yes
cpuid level	: 13
wp		: yes
flags		: fpu vme de pse tsc msr pae mce cx8 apic sep mtrr pge mca cmov pat pse36 clflush dts acpi mmx fxsr sse sse2 ss ht tm pbe syscall nx pdpe1gb rdtscp lm constant_tsc arch_perfmon pebs bts rep_good nopl xtopology nonstop_tsc aperfmperf eagerfpu pni pclmulqdq dtes64 monitor ds_cpl vmx smx est tm2 ssse3 cx16 xtpr pdcm pcid dca sse4_1 sse4_2 x2apic popcnt tsc_deadline_timer aes xsave avx f16c rdrand lahf_lm epb tpr_shadow vnmi flexpriority ept vpid fsgsbase smep erms xsaveopt dtherm ida arat pln pts
bugs		:
bogomips	: 4987.72
clflush size	: 64
cache_alignment	: 64
address sizes	: 46 bits physical, 48 bits virtual
power management:

processor	: 17
vendor_id	: GenuineIntel
cpu family	: 6
model		: 62
model name	: Intel(R) Xeon(R) CPU E5-2670 v2 @ 2.50GHz
stepping	: 4
microcode	: 0x416
cpu MHz		: 2315.063
cache size	: 25600 KB
physical id	: 1
siblings	: 10
core id		: 10
cpu cores	: 10
apicid		: 52
initial apicid	: 52
fpu		: yes
fpu_exception	: yes
cpuid level	: 13
wp		: yes
flags		: fpu vme de pse tsc msr pae mce cx8 apic sep mtrr pge mca cmov pat pse36 clflush dts acpi mmx fxsr sse sse2 ss ht tm pbe syscall nx pdpe1gb rdtscp lm constant_tsc arch_perfmon pebs bts rep_good nopl xtopology nonstop_tsc aperfmperf eagerfpu pni pclmulqdq dtes64 monitor ds_cpl vmx smx est tm2 ssse3 cx16 xtpr pdcm pcid dca sse4_1 sse4_2 x2apic popcnt tsc_deadline_timer aes xsave avx f16c rdrand lahf_lm epb tpr_shadow vnmi flexpriority ept vpid fsgsbase smep erms xsaveopt dtherm ida arat pln pts
bugs		:
bogomips	: 4987.72
clflush size	: 64
cache_alignment	: 64
address sizes	: 46 bits physical, 48 bits virtual
power management:

processor	: 18
vendor_id	: GenuineIntel
cpu family	: 6
model		: 62
model name	: Intel(R) Xeon(R) CPU E5-2670 v2 @ 2.50GHz
stepping	: 4
microcode	: 0x416
cpu MHz		: 2500.152
cache size	: 25600 KB
physical id	: 1
siblings	: 10
core id		: 11
cpu cores	: 10
apicid		: 54
initial apicid	: 54
fpu		: yes
fpu_exception	: yes
cpuid level	: 13
wp		: yes
flags		: fpu vme de pse tsc msr pae mce cx8 apic sep mtrr pge mca cmov pat pse36 clflush dts acpi mmx fxsr sse sse2 ss ht tm pbe syscall nx pdpe1gb rdtscp lm constant_tsc arch_perfmon pebs bts rep_good nopl xtopology nonstop_tsc aperfmperf eagerfpu pni pclmulqdq dtes64 monitor ds_cpl vmx smx est tm2 ssse3 cx16 xtpr pdcm pcid dca sse4_1 sse4_2 x2apic popcnt tsc_deadline_timer aes xsave avx f16c rdrand lahf_lm epb tpr_shadow vnmi flexpriority ept vpid fsgsbase smep erms xsaveopt dtherm ida arat pln pts
bugs		:
bogomips	: 4987.72
clflush size	: 64
cache_alignment	: 64
address sizes	: 46 bits physical, 48 bits virtual
power management:

processor	: 19
vendor_id	: GenuineIntel
cpu family	: 6
model		: 62
model name	: Intel(R) Xeon(R) CPU E5-2670 v2 @ 2.50GHz
stepping	: 4
microcode	: 0x416
cpu MHz		: 2399.749
cache size	: 25600 KB
physical id	: 1
siblings	: 10
core id		: 12
cpu cores	: 10
apicid		: 56
initial apicid	: 56
fpu		: yes
fpu_exception	: yes
cpuid level	: 13
wp		: yes
flags		: fpu vme de pse tsc msr pae mce cx8 apic sep mtrr pge mca cmov pat pse36 clflush dts acpi mmx fxsr sse sse2 ss ht tm pbe syscall nx pdpe1gb rdtscp lm constant_tsc arch_perfmon pebs bts rep_good nopl xtopology nonstop_tsc aperfmperf eagerfpu pni pclmulqdq dtes64 monitor ds_cpl vmx smx est tm2 ssse3 cx16 xtpr pdcm pcid dca sse4_1 sse4_2 x2apic popcnt tsc_deadline_timer aes xsave avx f16c rdrand lahf_lm epb tpr_shadow vnmi flexpriority ept vpid fsgsbase smep erms xsaveopt dtherm ida arat pln pts
bugs		:
bogomips	: 4987.72
clflush size	: 64
cache_alignment	: 64
address sizes	: 46 bits physical, 48 bits virtual
power management:



Memory: 4k page, physical 131978508k(105823180k free), swap 134160380k(134160380k free)

vm_info: Java HotSpot(TM) 64-Bit Server VM (25.101-b13) for linux-amd64 JRE (1.8.0_101-b13), built on Jun 22 2016 02:59:44 by "java_re" with gcc 4.3.0 20080428 (Red Hat 4.3.0-8)

time: Tue Feb 21 14:12:48 2017
elapsed time: 30 seconds (0d 0h 0m 30s)

